10 6 144 -69
8 7 144 -59
9 6 144 -59
9 7 144 -59
9 8 144 -59
7 9 24 -3537
6 8 24 -3534
6 6 24 -3534
6 10 24 -3534
10 6 24 -3534
9 7 218 -214
7 6 218 -87
9 6 218 -87
9 8 215 -47
8 6 214 -47
10 9 42 -4611
7 6 42 -4506
1 5 32 -4506
7 9 5 -4506
11 10 2 -4506
9 7 270 -303
10 7 260 -114
8 9 260 -94
9 6 256 -94
8 8 221 -94
8 6 58 -4560
7 10 11 -4560
8 10 8 -4529
7 7 -1 -4416
6 7 -4 -4416
7 10 4515 -248
8 8 4478 -248
10 7 4464 -226
8 6 1592 -226
8 10 1506 -226
11 6 79 -1551
7 10 31 -258
12 5 -14965 -258
8 6 -17824 -258
7 8 -17947 -258
8 8 4517 -4232
11 6 3557 -2988
12 5 3535 -2988
8 6 1631 -1310
8 10 1540 -1310
7 8 425 -534
8 8 15 -534
8 5 -86 -534
8 10 -87 -1
7 5 -3158 -534
8 8 30945 17004304
8 5 8908 17004304
12 5 5786 17004304
1 6 5760 17004304
8 10 4504 17004304
11 6 -48 -3700
9 10 -81 -1
9 6 -86 -3668
12 5 -100 -3668
10 11 -107 -3668
10 5 156 -30
1 6 155 1
10 10 140 1
10 8 112 1
10 9 110 1
-1 5 -173 -465
11 8 -201 -465
12 9 -213 -465
12 4 -225 -465
11 10 -226 -465
12 11 402 1
12 8 388 299
13 9 386 299
13 6 384 299
12 9 381 299
13 -1 -247 -384
14 9 -265 -384
14 8 -287 -384
14 13 -295 -384
14 5 -301 -384
15 6 360 271
15 9 359 280
15 11 358 283
15 4 1 283
15 7 350 283
